Compiling the C compiler identification source file "CMakeCCompilerId.c" failed.
Compiler: /home/fr/.local/bin/sh-elf-gcc 
Build flags: 
Id flags:  

The output was:
1
/home/fr/.local/share/fxsdk/sysroot/lib/gcc/sh3eb-elf/11.1.0/../../../../sh3eb-elf/bin/ld: /home/fr/.local/share/fxsdk/sysroot/lib/gcc/sh3eb-elf/11.1.0/../../../../sh3eb-elf/lib/libc.a(dso.c.obj):(.data+0x0): multiple definition of `___dso_handle'; /home/fr/.local/share/fxsdk/sysroot/lib/gcc/sh3eb-elf/11.1.0/crtbegin.o:(.data+0x0): first defined here
/home/fr/.local/share/fxsdk/sysroot/lib/gcc/sh3eb-elf/11.1.0/../../../../sh3eb-elf/bin/ld: /home/fr/.local/share/fxsdk/sysroot/lib/gcc/sh3eb-elf/11.1.0/crt1.o: in function `main_k':
(.text+0x5c): undefined reference to `___setup_argv_and_call_main'
/home/fr/.local/share/fxsdk/sysroot/lib/gcc/sh3eb-elf/11.1.0/../../../../sh3eb-elf/bin/ld: /home/fr/.local/share/fxsdk/sysroot/lib/gcc/sh3eb-elf/11.1.0/../../../../sh3eb-elf/lib/libc.a(exit.c.obj): in function `_exit':
exit.c:(.text+0x18): undefined reference to `__Exit'
/home/fr/.local/share/fxsdk/sysroot/lib/gcc/sh3eb-elf/11.1.0/../../../../sh3eb-elf/bin/ld: /home/fr/.local/share/fxsdk/sysroot/lib/gcc/sh3eb-elf/11.1.0/../../../../sh3eb-elf/lib/libc.a(malloc.c.obj): in function `_malloc':
malloc.c:(.text+0x18): undefined reference to `_kmalloc'
collect2: error: ld returned 1 exit status


Compiling the CXX compiler identification source file "CMakeCXXCompilerId.cpp" failed.
Compiler: /home/fr/.local/bin/sh-elf-g++ 
Build flags: 
Id flags:  

The output was:
1
/home/fr/.local/share/fxsdk/sysroot/lib/gcc/sh3eb-elf/11.1.0/../../../../sh3eb-elf/bin/ld: /home/fr/.local/share/fxsdk/sysroot/lib/gcc/sh3eb-elf/11.1.0/../../../../sh3eb-elf/lib/libc.a(dso.c.obj):(.data+0x0): multiple definition of `___dso_handle'; /home/fr/.local/share/fxsdk/sysroot/lib/gcc/sh3eb-elf/11.1.0/crtbegin.o:(.data+0x0): first defined here
/home/fr/.local/share/fxsdk/sysroot/lib/gcc/sh3eb-elf/11.1.0/../../../../sh3eb-elf/bin/ld: /home/fr/.local/share/fxsdk/sysroot/lib/gcc/sh3eb-elf/11.1.0/crt1.o: in function `main_k':
(.text+0x5c): undefined reference to `___setup_argv_and_call_main'
/home/fr/.local/share/fxsdk/sysroot/lib/gcc/sh3eb-elf/11.1.0/../../../../sh3eb-elf/bin/ld: /home/fr/.local/share/fxsdk/sysroot/lib/gcc/sh3eb-elf/11.1.0/../../../../sh3eb-elf/lib/libc.a(exit.c.obj): in function `_exit':
exit.c:(.text+0x18): undefined reference to `__Exit'
/home/fr/.local/share/fxsdk/sysroot/lib/gcc/sh3eb-elf/11.1.0/../../../../sh3eb-elf/bin/ld: /home/fr/.local/share/fxsdk/sysroot/lib/gcc/sh3eb-elf/11.1.0/../../../../sh3eb-elf/lib/libc.a(malloc.c.obj): in function `_malloc':
malloc.c:(.text+0x18): undefined reference to `_kmalloc'
collect2: error: ld returned 1 exit status


