The target system is: Generic - 1 - sh
The host system is: Linux - 5.15.90.1-microsoft-standard-WSL2 - x86_64
Compiling the C compiler identification source file "CMakeCCompilerId.c" succeeded.
Compiler: /home/fr/.local/bin/sh-elf-gcc 
Build flags: 
Id flags: -c 

The output was:
0


Compilation of the C compiler identification source "CMakeCCompilerId.c" produced "CMakeCCompilerId.o"

The C compiler identification is GNU, found in "/home/fr/Raycaster/build-cg/CMakeFiles/3.22.1/CompilerIdC/CMakeCCompilerId.o"

Compiling the CXX compiler identification source file "CMakeCXXCompilerId.cpp" succeeded.
Compiler: /home/fr/.local/bin/sh-elf-g++ 
Build flags: 
Id flags: -c 

The output was:
0


Compilation of the CXX compiler identification source "CMakeCXXCompilerId.cpp" produced "CMakeCXXCompilerId.o"

The CXX compiler identification is GNU, found in "/home/fr/Raycaster/build-cg/CMakeFiles/3.22.1/CompilerIdCXX/CMakeCXXCompilerId.o"

Detecting C compiler ABI info compiled with the following output:
Change Dir: /home/fr/Raycaster/build-cg/CMakeFiles/CMakeTmp

Run Build Command(s):/usr/bin/gmake -f Makefile cmTC_7efda/fast && /usr/bin/gmake  -f CMakeFiles/cmTC_7efda.dir/build.make CMakeFiles/cmTC_7efda.dir/build
gmake[1]: Entering directory '/home/fr/Raycaster/build-cg/CMakeFiles/CMakeTmp'
Building C object CMakeFiles/cmTC_7efda.dir/CMakeCCompilerABI.c.obj
/home/fr/.local/bin/sh-elf-gcc -DTARGET_FXCG50  -v -m4-nofpu -mb -ffreestanding -nostdlib -Wa,--dsp -o CMakeFiles/cmTC_7efda.dir/CMakeCCompilerABI.c.obj -c /usr/share/cmake-3.22/Modules/CMakeCCompilerABI.c
Using built-in specs.
COLLECT_AS_OPTIONS='--dsp'
COLLECT_GCC=/home/fr/.local/bin/sh-elf-gcc
Target: sh3eb-elf
Configured with: ../gcc-11.1.0/configure --prefix=/home/fr/.local/share/fxsdk/sysroot --target=sh3eb-elf --with-multilib-list=m3,m4-nofpu --enable-languages=c,c++ --without-headers --program-prefix=sh-elf- --enable-libssp --enable-lto --enable-clocale=generic --enable-libstdcxx-allocator --disable-threads --disable-libstdcxx-verbose --enable-cxx-flags=-fno-exceptions
Thread model: single
Supported LTO compression algorithms: zlib
gcc version 11.1.0 (GCC) 
COLLECT_GCC_OPTIONS='-D' 'TARGET_FXCG50' '-v' '-m4-nofpu' '-mb' '-ffreestanding' '-nostdlib' '-o' 'CMakeFiles/cmTC_7efda.dir/CMakeCCompilerABI.c.obj' '-c' '-dumpdir' 'CMakeFiles/cmTC_7efda.dir/'
 /home/fr/.local/share/fxsdk/sysroot/libexec/gcc/sh3eb-elf/11.1.0/cc1 -quiet -v -imultilib m4-nofpu -D TARGET_FXCG50 /usr/share/cmake-3.22/Modules/CMakeCCompilerABI.c -quiet -dumpdir CMakeFiles/cmTC_7efda.dir/ -dumpbase CMakeCCompilerABI.c.c -dumpbase-ext .c -m4-nofpu -mb -version -ffreestanding -o /tmp/ccUjAeGJ.s
GNU C17 (GCC) version 11.1.0 (sh3eb-elf)
	compiled by GNU C version 11.3.0, GMP version 6.1.0, MPFR version 3.1.4, MPC version 1.0.3, isl version isl-0.18-GMP

GGC heuristics: --param ggc-min-expand=100 --param ggc-min-heapsize=131072
ignoring nonexistent directory "/home/fr/.local/share/fxsdk/sysroot/lib/gcc/sh3eb-elf/11.1.0/../../../../sh3eb-elf/sys-include"
#include "..." search starts here:
#include <...> search starts here:
 /home/fr/.local/share/fxsdk/sysroot/lib/gcc/sh3eb-elf/11.1.0/include
 /home/fr/.local/share/fxsdk/sysroot/lib/gcc/sh3eb-elf/11.1.0/include-fixed
 /home/fr/.local/share/fxsdk/sysroot/lib/gcc/sh3eb-elf/11.1.0/../../../../sh3eb-elf/include
End of search list.
GNU C17 (GCC) version 11.1.0 (sh3eb-elf)
	compiled by GNU C version 11.3.0, GMP version 6.1.0, MPFR version 3.1.4, MPC version 1.0.3, isl version isl-0.18-GMP

GGC heuristics: --param ggc-min-expand=100 --param ggc-min-heapsize=131072
Compiler executable checksum: 3efe24ae9486ed48c9a096bc9a8745f3
COLLECT_GCC_OPTIONS='-D' 'TARGET_FXCG50' '-v' '-m4-nofpu' '-mb' '-ffreestanding' '-nostdlib' '-o' 'CMakeFiles/cmTC_7efda.dir/CMakeCCompilerABI.c.obj' '-c' '-dumpdir' 'CMakeFiles/cmTC_7efda.dir/'
 /home/fr/.local/share/fxsdk/sysroot/lib/gcc/sh3eb-elf/11.1.0/../../../../sh3eb-elf/bin/as -big --isa=sh4a-nofpu --dsp -o CMakeFiles/cmTC_7efda.dir/CMakeCCompilerABI.c.obj /tmp/ccUjAeGJ.s
COMPILER_PATH=/home/fr/.local/share/fxsdk/sysroot/libexec/gcc/sh3eb-elf/11.1.0/:/home/fr/.local/share/fxsdk/sysroot/libexec/gcc/sh3eb-elf/11.1.0/:/home/fr/.local/share/fxsdk/sysroot/libexec/gcc/sh3eb-elf/:/home/fr/.local/share/fxsdk/sysroot/lib/gcc/sh3eb-elf/11.1.0/:/home/fr/.local/share/fxsdk/sysroot/lib/gcc/sh3eb-elf/:/home/fr/.local/share/fxsdk/sysroot/lib/gcc/sh3eb-elf/11.1.0/../../../../sh3eb-elf/bin/
LIBRARY_PATH=/home/fr/.local/share/fxsdk/sysroot/lib/gcc/sh3eb-elf/11.1.0/m4-nofpu/:/home/fr/.local/share/fxsdk/sysroot/lib/gcc/sh3eb-elf/11.1.0/../../../../sh3eb-elf/lib/m4-nofpu/:/home/fr/.local/share/fxsdk/sysroot/lib/gcc/sh3eb-elf/11.1.0/:/home/fr/.local/share/fxsdk/sysroot/lib/gcc/sh3eb-elf/11.1.0/../../../../sh3eb-elf/lib/
COLLECT_GCC_OPTIONS='-D' 'TARGET_FXCG50' '-v' '-m4-nofpu' '-mb' '-ffreestanding' '-nostdlib' '-o' 'CMakeFiles/cmTC_7efda.dir/CMakeCCompilerABI.c.obj' '-c' '-dumpdir' 'CMakeFiles/cmTC_7efda.dir/CMakeCCompilerABI.c.'
Linking C executable cmTC_7efda
/usr/bin/cmake -E cmake_link_script CMakeFiles/cmTC_7efda.dir/link.txt --verbose=1
/home/fr/.local/bin/sh-elf-gcc  -v -nostdlib -Wl,--no-warn-rwx-segments CMakeFiles/cmTC_7efda.dir/CMakeCCompilerABI.c.obj -o cmTC_7efda  -lgcc 
Using built-in specs.
COLLECT_GCC=/home/fr/.local/bin/sh-elf-gcc
COLLECT_LTO_WRAPPER=/home/fr/.local/share/fxsdk/sysroot/libexec/gcc/sh3eb-elf/11.1.0/lto-wrapper
Target: sh3eb-elf
Configured with: ../gcc-11.1.0/configure --prefix=/home/fr/.local/share/fxsdk/sysroot --target=sh3eb-elf --with-multilib-list=m3,m4-nofpu --enable-languages=c,c++ --without-headers --program-prefix=sh-elf- --enable-libssp --enable-lto --enable-clocale=generic --enable-libstdcxx-allocator --disable-threads --disable-libstdcxx-verbose --enable-cxx-flags=-fno-exceptions
Thread model: single
Supported LTO compression algorithms: zlib
gcc version 11.1.0 (GCC) 
COMPILER_PATH=/home/fr/.local/share/fxsdk/sysroot/libexec/gcc/sh3eb-elf/11.1.0/:/home/fr/.local/share/fxsdk/sysroot/libexec/gcc/sh3eb-elf/11.1.0/:/home/fr/.local/share/fxsdk/sysroot/libexec/gcc/sh3eb-elf/:/home/fr/.local/share/fxsdk/sysroot/lib/gcc/sh3eb-elf/11.1.0/:/home/fr/.local/share/fxsdk/sysroot/lib/gcc/sh3eb-elf/:/home/fr/.local/share/fxsdk/sysroot/lib/gcc/sh3eb-elf/11.1.0/../../../../sh3eb-elf/bin/
LIBRARY_PATH=/home/fr/.local/share/fxsdk/sysroot/lib/gcc/sh3eb-elf/11.1.0/:/home/fr/.local/share/fxsdk/sysroot/lib/gcc/sh3eb-elf/11.1.0/../../../../sh3eb-elf/lib/
COLLECT_GCC_OPTIONS='-v' '-nostdlib' '-o' 'cmTC_7efda' '-dumpdir' 'cmTC_7efda.'
 /home/fr/.local/share/fxsdk/sysroot/libexec/gcc/sh3eb-elf/11.1.0/collect2 -plugin /home/fr/.local/share/fxsdk/sysroot/libexec/gcc/sh3eb-elf/11.1.0/liblto_plugin.so -plugin-opt=/home/fr/.local/share/fxsdk/sysroot/libexec/gcc/sh3eb-elf/11.1.0/lto-wrapper -plugin-opt=-fresolution=/tmp/ccfnesca.res -m shelf -o cmTC_7efda -L/home/fr/.local/share/fxsdk/sysroot/lib/gcc/sh3eb-elf/11.1.0 -L/home/fr/.local/share/fxsdk/sysroot/lib/gcc/sh3eb-elf/11.1.0/../../../../sh3eb-elf/lib --no-warn-rwx-segments CMakeFiles/cmTC_7efda.dir/CMakeCCompilerABI.c.obj -lgcc
/home/fr/.local/share/fxsdk/sysroot/lib/gcc/sh3eb-elf/11.1.0/../../../../sh3eb-elf/bin/ld: warning: cannot find entry symbol start; defaulting to 0000000000001000
COLLECT_GCC_OPTIONS='-v' '-nostdlib' '-o' 'cmTC_7efda' '-dumpdir' 'cmTC_7efda.'
gmake[1]: Leaving directory '/home/fr/Raycaster/build-cg/CMakeFiles/CMakeTmp'



Parsed C implicit include dir info from above output: rv=done
  found start of include info
  found start of implicit include info
    add: [/home/fr/.local/share/fxsdk/sysroot/lib/gcc/sh3eb-elf/11.1.0/include]
    add: [/home/fr/.local/share/fxsdk/sysroot/lib/gcc/sh3eb-elf/11.1.0/include-fixed]
    add: [/home/fr/.local/share/fxsdk/sysroot/lib/gcc/sh3eb-elf/11.1.0/../../../../sh3eb-elf/include]
  end of search list found
  collapse include dir [/home/fr/.local/share/fxsdk/sysroot/lib/gcc/sh3eb-elf/11.1.0/include] ==> [/home/fr/.local/share/fxsdk/sysroot/lib/gcc/sh3eb-elf/11.1.0/include]
  collapse include dir [/home/fr/.local/share/fxsdk/sysroot/lib/gcc/sh3eb-elf/11.1.0/include-fixed] ==> [/home/fr/.local/share/fxsdk/sysroot/lib/gcc/sh3eb-elf/11.1.0/include-fixed]
  collapse include dir [/home/fr/.local/share/fxsdk/sysroot/lib/gcc/sh3eb-elf/11.1.0/../../../../sh3eb-elf/include] ==> [/home/fr/.local/share/fxsdk/sysroot/sh3eb-elf/include]
  implicit include dirs: [/home/fr/.local/share/fxsdk/sysroot/lib/gcc/sh3eb-elf/11.1.0/include;/home/fr/.local/share/fxsdk/sysroot/lib/gcc/sh3eb-elf/11.1.0/include-fixed;/home/fr/.local/share/fxsdk/sysroot/sh3eb-elf/include]


Parsed C implicit link information from above output:
  link line regex: [^( *|.*[/\])(sh-elf-ld|CMAKE_LINK_STARTFILE-NOTFOUND|([^/\]+-)?ld|collect2)[^/\]*( |$)]
  ignore line: [Change Dir: /home/fr/Raycaster/build-cg/CMakeFiles/CMakeTmp]
  ignore line: []
  ignore line: [Run Build Command(s):/usr/bin/gmake -f Makefile cmTC_7efda/fast && /usr/bin/gmake  -f CMakeFiles/cmTC_7efda.dir/build.make CMakeFiles/cmTC_7efda.dir/build]
  ignore line: [gmake[1]: Entering directory '/home/fr/Raycaster/build-cg/CMakeFiles/CMakeTmp']
  ignore line: [Building C object CMakeFiles/cmTC_7efda.dir/CMakeCCompilerABI.c.obj]
  ignore line: [/home/fr/.local/bin/sh-elf-gcc -DTARGET_FXCG50  -v -m4-nofpu -mb -ffreestanding -nostdlib -Wa --dsp -o CMakeFiles/cmTC_7efda.dir/CMakeCCompilerABI.c.obj -c /usr/share/cmake-3.22/Modules/CMakeCCompilerABI.c]
  ignore line: [Using built-in specs.]
  ignore line: [COLLECT_AS_OPTIONS='--dsp']
  ignore line: [COLLECT_GCC=/home/fr/.local/bin/sh-elf-gcc]
  ignore line: [Target: sh3eb-elf]
  ignore line: [Configured with: ../gcc-11.1.0/configure --prefix=/home/fr/.local/share/fxsdk/sysroot --target=sh3eb-elf --with-multilib-list=m3 m4-nofpu --enable-languages=c c++ --without-headers --program-prefix=sh-elf- --enable-libssp --enable-lto --enable-clocale=generic --enable-libstdcxx-allocator --disable-threads --disable-libstdcxx-verbose --enable-cxx-flags=-fno-exceptions]
  ignore line: [Thread model: single]
  ignore line: [Supported LTO compression algorithms: zlib]
  ignore line: [gcc version 11.1.0 (GCC) ]
  ignore line: [COLLECT_GCC_OPTIONS='-D' 'TARGET_FXCG50' '-v' '-m4-nofpu' '-mb' '-ffreestanding' '-nostdlib' '-o' 'CMakeFiles/cmTC_7efda.dir/CMakeCCompilerABI.c.obj' '-c' '-dumpdir' 'CMakeFiles/cmTC_7efda.dir/']
  ignore line: [ /home/fr/.local/share/fxsdk/sysroot/libexec/gcc/sh3eb-elf/11.1.0/cc1 -quiet -v -imultilib m4-nofpu -D TARGET_FXCG50 /usr/share/cmake-3.22/Modules/CMakeCCompilerABI.c -quiet -dumpdir CMakeFiles/cmTC_7efda.dir/ -dumpbase CMakeCCompilerABI.c.c -dumpbase-ext .c -m4-nofpu -mb -version -ffreestanding -o /tmp/ccUjAeGJ.s]
  ignore line: [GNU C17 (GCC) version 11.1.0 (sh3eb-elf)]
  ignore line: [	compiled by GNU C version 11.3.0  GMP version 6.1.0  MPFR version 3.1.4  MPC version 1.0.3  isl version isl-0.18-GMP]
  ignore line: []
  ignore line: [GGC heuristics: --param ggc-min-expand=100 --param ggc-min-heapsize=131072]
  ignore line: [ignoring nonexistent directory "/home/fr/.local/share/fxsdk/sysroot/lib/gcc/sh3eb-elf/11.1.0/../../../../sh3eb-elf/sys-include"]
  ignore line: [#include "..." search starts here:]
  ignore line: [#include <...> search starts here:]
  ignore line: [ /home/fr/.local/share/fxsdk/sysroot/lib/gcc/sh3eb-elf/11.1.0/include]
  ignore line: [ /home/fr/.local/share/fxsdk/sysroot/lib/gcc/sh3eb-elf/11.1.0/include-fixed]
  ignore line: [ /home/fr/.local/share/fxsdk/sysroot/lib/gcc/sh3eb-elf/11.1.0/../../../../sh3eb-elf/include]
  ignore line: [End of search list.]
  ignore line: [GNU C17 (GCC) version 11.1.0 (sh3eb-elf)]
  ignore line: [	compiled by GNU C version 11.3.0  GMP version 6.1.0  MPFR version 3.1.4  MPC version 1.0.3  isl version isl-0.18-GMP]
  ignore line: []
  ignore line: [GGC heuristics: --param ggc-min-expand=100 --param ggc-min-heapsize=131072]
  ignore line: [Compiler executable checksum: 3efe24ae9486ed48c9a096bc9a8745f3]
  ignore line: [COLLECT_GCC_OPTIONS='-D' 'TARGET_FXCG50' '-v' '-m4-nofpu' '-mb' '-ffreestanding' '-nostdlib' '-o' 'CMakeFiles/cmTC_7efda.dir/CMakeCCompilerABI.c.obj' '-c' '-dumpdir' 'CMakeFiles/cmTC_7efda.dir/']
  ignore line: [ /home/fr/.local/share/fxsdk/sysroot/lib/gcc/sh3eb-elf/11.1.0/../../../../sh3eb-elf/bin/as -big --isa=sh4a-nofpu --dsp -o CMakeFiles/cmTC_7efda.dir/CMakeCCompilerABI.c.obj /tmp/ccUjAeGJ.s]
  ignore line: [COMPILER_PATH=/home/fr/.local/share/fxsdk/sysroot/libexec/gcc/sh3eb-elf/11.1.0/:/home/fr/.local/share/fxsdk/sysroot/libexec/gcc/sh3eb-elf/11.1.0/:/home/fr/.local/share/fxsdk/sysroot/libexec/gcc/sh3eb-elf/:/home/fr/.local/share/fxsdk/sysroot/lib/gcc/sh3eb-elf/11.1.0/:/home/fr/.local/share/fxsdk/sysroot/lib/gcc/sh3eb-elf/:/home/fr/.local/share/fxsdk/sysroot/lib/gcc/sh3eb-elf/11.1.0/../../../../sh3eb-elf/bin/]
  ignore line: [LIBRARY_PATH=/home/fr/.local/share/fxsdk/sysroot/lib/gcc/sh3eb-elf/11.1.0/m4-nofpu/:/home/fr/.local/share/fxsdk/sysroot/lib/gcc/sh3eb-elf/11.1.0/../../../../sh3eb-elf/lib/m4-nofpu/:/home/fr/.local/share/fxsdk/sysroot/lib/gcc/sh3eb-elf/11.1.0/:/home/fr/.local/share/fxsdk/sysroot/lib/gcc/sh3eb-elf/11.1.0/../../../../sh3eb-elf/lib/]
  ignore line: [COLLECT_GCC_OPTIONS='-D' 'TARGET_FXCG50' '-v' '-m4-nofpu' '-mb' '-ffreestanding' '-nostdlib' '-o' 'CMakeFiles/cmTC_7efda.dir/CMakeCCompilerABI.c.obj' '-c' '-dumpdir' 'CMakeFiles/cmTC_7efda.dir/CMakeCCompilerABI.c.']
  ignore line: [Linking C executable cmTC_7efda]
  ignore line: [/usr/bin/cmake -E cmake_link_script CMakeFiles/cmTC_7efda.dir/link.txt --verbose=1]
  ignore line: [/home/fr/.local/bin/sh-elf-gcc  -v -nostdlib -Wl --no-warn-rwx-segments CMakeFiles/cmTC_7efda.dir/CMakeCCompilerABI.c.obj -o cmTC_7efda  -lgcc ]
  ignore line: [Using built-in specs.]
  ignore line: [COLLECT_GCC=/home/fr/.local/bin/sh-elf-gcc]
  ignore line: [COLLECT_LTO_WRAPPER=/home/fr/.local/share/fxsdk/sysroot/libexec/gcc/sh3eb-elf/11.1.0/lto-wrapper]
  ignore line: [Target: sh3eb-elf]
  ignore line: [Configured with: ../gcc-11.1.0/configure --prefix=/home/fr/.local/share/fxsdk/sysroot --target=sh3eb-elf --with-multilib-list=m3 m4-nofpu --enable-languages=c c++ --without-headers --program-prefix=sh-elf- --enable-libssp --enable-lto --enable-clocale=generic --enable-libstdcxx-allocator --disable-threads --disable-libstdcxx-verbose --enable-cxx-flags=-fno-exceptions]
  ignore line: [Thread model: single]
  ignore line: [Supported LTO compression algorithms: zlib]
  ignore line: [gcc version 11.1.0 (GCC) ]
  ignore line: [COMPILER_PATH=/home/fr/.local/share/fxsdk/sysroot/libexec/gcc/sh3eb-elf/11.1.0/:/home/fr/.local/share/fxsdk/sysroot/libexec/gcc/sh3eb-elf/11.1.0/:/home/fr/.local/share/fxsdk/sysroot/libexec/gcc/sh3eb-elf/:/home/fr/.local/share/fxsdk/sysroot/lib/gcc/sh3eb-elf/11.1.0/:/home/fr/.local/share/fxsdk/sysroot/lib/gcc/sh3eb-elf/:/home/fr/.local/share/fxsdk/sysroot/lib/gcc/sh3eb-elf/11.1.0/../../../../sh3eb-elf/bin/]
  ignore line: [LIBRARY_PATH=/home/fr/.local/share/fxsdk/sysroot/lib/gcc/sh3eb-elf/11.1.0/:/home/fr/.local/share/fxsdk/sysroot/lib/gcc/sh3eb-elf/11.1.0/../../../../sh3eb-elf/lib/]
  ignore line: [COLLECT_GCC_OPTIONS='-v' '-nostdlib' '-o' 'cmTC_7efda' '-dumpdir' 'cmTC_7efda.']
  link line: [ /home/fr/.local/share/fxsdk/sysroot/libexec/gcc/sh3eb-elf/11.1.0/collect2 -plugin /home/fr/.local/share/fxsdk/sysroot/libexec/gcc/sh3eb-elf/11.1.0/liblto_plugin.so -plugin-opt=/home/fr/.local/share/fxsdk/sysroot/libexec/gcc/sh3eb-elf/11.1.0/lto-wrapper -plugin-opt=-fresolution=/tmp/ccfnesca.res -m shelf -o cmTC_7efda -L/home/fr/.local/share/fxsdk/sysroot/lib/gcc/sh3eb-elf/11.1.0 -L/home/fr/.local/share/fxsdk/sysroot/lib/gcc/sh3eb-elf/11.1.0/../../../../sh3eb-elf/lib --no-warn-rwx-segments CMakeFiles/cmTC_7efda.dir/CMakeCCompilerABI.c.obj -lgcc]
    arg [/home/fr/.local/share/fxsdk/sysroot/libexec/gcc/sh3eb-elf/11.1.0/collect2] ==> ignore
    arg [-plugin] ==> ignore
    arg [/home/fr/.local/share/fxsdk/sysroot/libexec/gcc/sh3eb-elf/11.1.0/liblto_plugin.so] ==> ignore
    arg [-plugin-opt=/home/fr/.local/share/fxsdk/sysroot/libexec/gcc/sh3eb-elf/11.1.0/lto-wrapper] ==> ignore
    arg [-plugin-opt=-fresolution=/tmp/ccfnesca.res] ==> ignore
    arg [-m] ==> ignore
    arg [shelf] ==> ignore
    arg [-o] ==> ignore
    arg [cmTC_7efda] ==> ignore
    arg [-L/home/fr/.local/share/fxsdk/sysroot/lib/gcc/sh3eb-elf/11.1.0] ==> dir [/home/fr/.local/share/fxsdk/sysroot/lib/gcc/sh3eb-elf/11.1.0]
    arg [-L/home/fr/.local/share/fxsdk/sysroot/lib/gcc/sh3eb-elf/11.1.0/../../../../sh3eb-elf/lib] ==> dir [/home/fr/.local/share/fxsdk/sysroot/lib/gcc/sh3eb-elf/11.1.0/../../../../sh3eb-elf/lib]
    arg [--no-warn-rwx-segments] ==> ignore
    arg [CMakeFiles/cmTC_7efda.dir/CMakeCCompilerABI.c.obj] ==> ignore
    arg [-lgcc] ==> lib [gcc]
  collapse library dir [/home/fr/.local/share/fxsdk/sysroot/lib/gcc/sh3eb-elf/11.1.0] ==> [/home/fr/.local/share/fxsdk/sysroot/lib/gcc/sh3eb-elf/11.1.0]
  collapse library dir [/home/fr/.local/share/fxsdk/sysroot/lib/gcc/sh3eb-elf/11.1.0/../../../../sh3eb-elf/lib] ==> [/home/fr/.local/share/fxsdk/sysroot/sh3eb-elf/lib]
  implicit libs: [gcc]
  implicit objs: []
  implicit dirs: [/home/fr/.local/share/fxsdk/sysroot/lib/gcc/sh3eb-elf/11.1.0;/home/fr/.local/share/fxsdk/sysroot/sh3eb-elf/lib]
  implicit fwks: []


Detecting CXX compiler ABI info compiled with the following output:
Change Dir: /home/fr/Raycaster/build-cg/CMakeFiles/CMakeTmp

Run Build Command(s):/usr/bin/gmake -f Makefile cmTC_45d6d/fast && /usr/bin/gmake  -f CMakeFiles/cmTC_45d6d.dir/build.make CMakeFiles/cmTC_45d6d.dir/build
gmake[1]: Entering directory '/home/fr/Raycaster/build-cg/CMakeFiles/CMakeTmp'
Building CXX object CMakeFiles/cmTC_45d6d.dir/CMakeCXXCompilerABI.cpp.obj
/home/fr/.local/bin/sh-elf-g++ -DTARGET_FXCG50  -v -m4-nofpu -mb -ffreestanding -nostdlib -Wa,--dsp -o CMakeFiles/cmTC_45d6d.dir/CMakeCXXCompilerABI.cpp.obj -c /usr/share/cmake-3.22/Modules/CMakeCXXCompilerABI.cpp
Using built-in specs.
COLLECT_AS_OPTIONS='--dsp'
COLLECT_GCC=/home/fr/.local/bin/sh-elf-g++
Target: sh3eb-elf
Configured with: ../gcc-11.1.0/configure --prefix=/home/fr/.local/share/fxsdk/sysroot --target=sh3eb-elf --with-multilib-list=m3,m4-nofpu --enable-languages=c,c++ --without-headers --program-prefix=sh-elf- --enable-libssp --enable-lto --enable-clocale=generic --enable-libstdcxx-allocator --disable-threads --disable-libstdcxx-verbose --enable-cxx-flags=-fno-exceptions
Thread model: single
Supported LTO compression algorithms: zlib
gcc version 11.1.0 (GCC) 
COLLECT_GCC_OPTIONS='-D' 'TARGET_FXCG50' '-v' '-m4-nofpu' '-mb' '-ffreestanding' '-nostdlib' '-o' 'CMakeFiles/cmTC_45d6d.dir/CMakeCXXCompilerABI.cpp.obj' '-c' '-dumpdir' 'CMakeFiles/cmTC_45d6d.dir/'
 /home/fr/.local/share/fxsdk/sysroot/libexec/gcc/sh3eb-elf/11.1.0/cc1plus -quiet -v -imultilib m4-nofpu -D TARGET_FXCG50 /usr/share/cmake-3.22/Modules/CMakeCXXCompilerABI.cpp -quiet -dumpdir CMakeFiles/cmTC_45d6d.dir/ -dumpbase CMakeCXXCompilerABI.cpp.cpp -dumpbase-ext .cpp -m4-nofpu -mb -version -ffreestanding -o /tmp/cctvGel0.s
GNU C++17 (GCC) version 11.1.0 (sh3eb-elf)
	compiled by GNU C version 11.3.0, GMP version 6.1.0, MPFR version 3.1.4, MPC version 1.0.3, isl version isl-0.18-GMP

GGC heuristics: --param ggc-min-expand=100 --param ggc-min-heapsize=131072
ignoring nonexistent directory "/home/fr/.local/share/fxsdk/sysroot/lib/gcc/sh3eb-elf/11.1.0/../../../../sh3eb-elf/sys-include"
#include "..." search starts here:
#include <...> search starts here:
 /home/fr/.local/share/fxsdk/sysroot/lib/gcc/sh3eb-elf/11.1.0/../../../../sh3eb-elf/include/c++/11.1.0
 /home/fr/.local/share/fxsdk/sysroot/lib/gcc/sh3eb-elf/11.1.0/../../../../sh3eb-elf/include/c++/11.1.0/sh3eb-elf/m4-nofpu
 /home/fr/.local/share/fxsdk/sysroot/lib/gcc/sh3eb-elf/11.1.0/../../../../sh3eb-elf/include/c++/11.1.0/backward
 /home/fr/.local/share/fxsdk/sysroot/lib/gcc/sh3eb-elf/11.1.0/include
 /home/fr/.local/share/fxsdk/sysroot/lib/gcc/sh3eb-elf/11.1.0/include-fixed
 /home/fr/.local/share/fxsdk/sysroot/lib/gcc/sh3eb-elf/11.1.0/../../../../sh3eb-elf/include
End of search list.
GNU C++17 (GCC) version 11.1.0 (sh3eb-elf)
	compiled by GNU C version 11.3.0, GMP version 6.1.0, MPFR version 3.1.4, MPC version 1.0.3, isl version isl-0.18-GMP

GGC heuristics: --param ggc-min-expand=100 --param ggc-min-heapsize=131072
Compiler executable checksum: a86c43b782cf2ebaa4fbc44e5ff022a0
COLLECT_GCC_OPTIONS='-D' 'TARGET_FXCG50' '-v' '-m4-nofpu' '-mb' '-ffreestanding' '-nostdlib' '-o' 'CMakeFiles/cmTC_45d6d.dir/CMakeCXXCompilerABI.cpp.obj' '-c' '-dumpdir' 'CMakeFiles/cmTC_45d6d.dir/'
 /home/fr/.local/share/fxsdk/sysroot/lib/gcc/sh3eb-elf/11.1.0/../../../../sh3eb-elf/bin/as -big --isa=sh4a-nofpu --dsp -o CMakeFiles/cmTC_45d6d.dir/CMakeCXXCompilerABI.cpp.obj /tmp/cctvGel0.s
COMPILER_PATH=/home/fr/.local/share/fxsdk/sysroot/libexec/gcc/sh3eb-elf/11.1.0/:/home/fr/.local/share/fxsdk/sysroot/libexec/gcc/sh3eb-elf/11.1.0/:/home/fr/.local/share/fxsdk/sysroot/libexec/gcc/sh3eb-elf/:/home/fr/.local/share/fxsdk/sysroot/lib/gcc/sh3eb-elf/11.1.0/:/home/fr/.local/share/fxsdk/sysroot/lib/gcc/sh3eb-elf/:/home/fr/.local/share/fxsdk/sysroot/lib/gcc/sh3eb-elf/11.1.0/../../../../sh3eb-elf/bin/
LIBRARY_PATH=/home/fr/.local/share/fxsdk/sysroot/lib/gcc/sh3eb-elf/11.1.0/m4-nofpu/:/home/fr/.local/share/fxsdk/sysroot/lib/gcc/sh3eb-elf/11.1.0/../../../../sh3eb-elf/lib/m4-nofpu/:/home/fr/.local/share/fxsdk/sysroot/lib/gcc/sh3eb-elf/11.1.0/:/home/fr/.local/share/fxsdk/sysroot/lib/gcc/sh3eb-elf/11.1.0/../../../../sh3eb-elf/lib/
COLLECT_GCC_OPTIONS='-D' 'TARGET_FXCG50' '-v' '-m4-nofpu' '-mb' '-ffreestanding' '-nostdlib' '-o' 'CMakeFiles/cmTC_45d6d.dir/CMakeCXXCompilerABI.cpp.obj' '-c' '-dumpdir' 'CMakeFiles/cmTC_45d6d.dir/CMakeCXXCompilerABI.cpp.'
Linking CXX executable cmTC_45d6d
/usr/bin/cmake -E cmake_link_script CMakeFiles/cmTC_45d6d.dir/link.txt --verbose=1
/home/fr/.local/bin/sh-elf-g++  -v -nostdlib -Wl,--no-warn-rwx-segments CMakeFiles/cmTC_45d6d.dir/CMakeCXXCompilerABI.cpp.obj -o cmTC_45d6d  -lgcc 
Using built-in specs.
COLLECT_GCC=/home/fr/.local/bin/sh-elf-g++
COLLECT_LTO_WRAPPER=/home/fr/.local/share/fxsdk/sysroot/libexec/gcc/sh3eb-elf/11.1.0/lto-wrapper
Target: sh3eb-elf
Configured with: ../gcc-11.1.0/configure --prefix=/home/fr/.local/share/fxsdk/sysroot --target=sh3eb-elf --with-multilib-list=m3,m4-nofpu --enable-languages=c,c++ --without-headers --program-prefix=sh-elf- --enable-libssp --enable-lto --enable-clocale=generic --enable-libstdcxx-allocator --disable-threads --disable-libstdcxx-verbose --enable-cxx-flags=-fno-exceptions
Thread model: single
Supported LTO compression algorithms: zlib
gcc version 11.1.0 (GCC) 
COMPILER_PATH=/home/fr/.local/share/fxsdk/sysroot/libexec/gcc/sh3eb-elf/11.1.0/:/home/fr/.local/share/fxsdk/sysroot/libexec/gcc/sh3eb-elf/11.1.0/:/home/fr/.local/share/fxsdk/sysroot/libexec/gcc/sh3eb-elf/:/home/fr/.local/share/fxsdk/sysroot/lib/gcc/sh3eb-elf/11.1.0/:/home/fr/.local/share/fxsdk/sysroot/lib/gcc/sh3eb-elf/:/home/fr/.local/share/fxsdk/sysroot/lib/gcc/sh3eb-elf/11.1.0/../../../../sh3eb-elf/bin/
LIBRARY_PATH=/home/fr/.local/share/fxsdk/sysroot/lib/gcc/sh3eb-elf/11.1.0/:/home/fr/.local/share/fxsdk/sysroot/lib/gcc/sh3eb-elf/11.1.0/../../../../sh3eb-elf/lib/
COLLECT_GCC_OPTIONS='-v' '-nostdlib' '-o' 'cmTC_45d6d' '-dumpdir' 'cmTC_45d6d.'
 /home/fr/.local/share/fxsdk/sysroot/libexec/gcc/sh3eb-elf/11.1.0/collect2 -plugin /home/fr/.local/share/fxsdk/sysroot/libexec/gcc/sh3eb-elf/11.1.0/liblto_plugin.so -plugin-opt=/home/fr/.local/share/fxsdk/sysroot/libexec/gcc/sh3eb-elf/11.1.0/lto-wrapper -plugin-opt=-fresolution=/tmp/ccHGr2Nd.res -m shelf -o cmTC_45d6d -L/home/fr/.local/share/fxsdk/sysroot/lib/gcc/sh3eb-elf/11.1.0 -L/home/fr/.local/share/fxsdk/sysroot/lib/gcc/sh3eb-elf/11.1.0/../../../../sh3eb-elf/lib --no-warn-rwx-segments CMakeFiles/cmTC_45d6d.dir/CMakeCXXCompilerABI.cpp.obj -lgcc
/home/fr/.local/share/fxsdk/sysroot/lib/gcc/sh3eb-elf/11.1.0/../../../../sh3eb-elf/bin/ld: warning: cannot find entry symbol start; defaulting to 0000000000001000
COLLECT_GCC_OPTIONS='-v' '-nostdlib' '-o' 'cmTC_45d6d' '-dumpdir' 'cmTC_45d6d.'
gmake[1]: Leaving directory '/home/fr/Raycaster/build-cg/CMakeFiles/CMakeTmp'



Parsed CXX implicit include dir info from above output: rv=done
  found start of include info
  found start of implicit include info
    add: [/home/fr/.local/share/fxsdk/sysroot/lib/gcc/sh3eb-elf/11.1.0/../../../../sh3eb-elf/include/c++/11.1.0]
    add: [/home/fr/.local/share/fxsdk/sysroot/lib/gcc/sh3eb-elf/11.1.0/../../../../sh3eb-elf/include/c++/11.1.0/sh3eb-elf/m4-nofpu]
    add: [/home/fr/.local/share/fxsdk/sysroot/lib/gcc/sh3eb-elf/11.1.0/../../../../sh3eb-elf/include/c++/11.1.0/backward]
    add: [/home/fr/.local/share/fxsdk/sysroot/lib/gcc/sh3eb-elf/11.1.0/include]
    add: [/home/fr/.local/share/fxsdk/sysroot/lib/gcc/sh3eb-elf/11.1.0/include-fixed]
    add: [/home/fr/.local/share/fxsdk/sysroot/lib/gcc/sh3eb-elf/11.1.0/../../../../sh3eb-elf/include]
  end of search list found
  collapse include dir [/home/fr/.local/share/fxsdk/sysroot/lib/gcc/sh3eb-elf/11.1.0/../../../../sh3eb-elf/include/c++/11.1.0] ==> [/home/fr/.local/share/fxsdk/sysroot/sh3eb-elf/include/c++/11.1.0]
  collapse include dir [/home/fr/.local/share/fxsdk/sysroot/lib/gcc/sh3eb-elf/11.1.0/../../../../sh3eb-elf/include/c++/11.1.0/sh3eb-elf/m4-nofpu] ==> [/home/fr/.local/share/fxsdk/sysroot/sh3eb-elf/include/c++/11.1.0/sh3eb-elf/m4-nofpu]
  collapse include dir [/home/fr/.local/share/fxsdk/sysroot/lib/gcc/sh3eb-elf/11.1.0/../../../../sh3eb-elf/include/c++/11.1.0/backward] ==> [/home/fr/.local/share/fxsdk/sysroot/sh3eb-elf/include/c++/11.1.0/backward]
  collapse include dir [/home/fr/.local/share/fxsdk/sysroot/lib/gcc/sh3eb-elf/11.1.0/include] ==> [/home/fr/.local/share/fxsdk/sysroot/lib/gcc/sh3eb-elf/11.1.0/include]
  collapse include dir [/home/fr/.local/share/fxsdk/sysroot/lib/gcc/sh3eb-elf/11.1.0/include-fixed] ==> [/home/fr/.local/share/fxsdk/sysroot/lib/gcc/sh3eb-elf/11.1.0/include-fixed]
  collapse include dir [/home/fr/.local/share/fxsdk/sysroot/lib/gcc/sh3eb-elf/11.1.0/../../../../sh3eb-elf/include] ==> [/home/fr/.local/share/fxsdk/sysroot/sh3eb-elf/include]
  implicit include dirs: [/home/fr/.local/share/fxsdk/sysroot/sh3eb-elf/include/c++/11.1.0;/home/fr/.local/share/fxsdk/sysroot/sh3eb-elf/include/c++/11.1.0/sh3eb-elf/m4-nofpu;/home/fr/.local/share/fxsdk/sysroot/sh3eb-elf/include/c++/11.1.0/backward;/home/fr/.local/share/fxsdk/sysroot/lib/gcc/sh3eb-elf/11.1.0/include;/home/fr/.local/share/fxsdk/sysroot/lib/gcc/sh3eb-elf/11.1.0/include-fixed;/home/fr/.local/share/fxsdk/sysroot/sh3eb-elf/include]


Parsed CXX implicit link information from above output:
  link line regex: [^( *|.*[/\])(sh-elf-ld|CMAKE_LINK_STARTFILE-NOTFOUND|([^/\]+-)?ld|collect2)[^/\]*( |$)]
  ignore line: [Change Dir: /home/fr/Raycaster/build-cg/CMakeFiles/CMakeTmp]
  ignore line: []
  ignore line: [Run Build Command(s):/usr/bin/gmake -f Makefile cmTC_45d6d/fast && /usr/bin/gmake  -f CMakeFiles/cmTC_45d6d.dir/build.make CMakeFiles/cmTC_45d6d.dir/build]
  ignore line: [gmake[1]: Entering directory '/home/fr/Raycaster/build-cg/CMakeFiles/CMakeTmp']
  ignore line: [Building CXX object CMakeFiles/cmTC_45d6d.dir/CMakeCXXCompilerABI.cpp.obj]
  ignore line: [/home/fr/.local/bin/sh-elf-g++ -DTARGET_FXCG50  -v -m4-nofpu -mb -ffreestanding -nostdlib -Wa --dsp -o CMakeFiles/cmTC_45d6d.dir/CMakeCXXCompilerABI.cpp.obj -c /usr/share/cmake-3.22/Modules/CMakeCXXCompilerABI.cpp]
  ignore line: [Using built-in specs.]
  ignore line: [COLLECT_AS_OPTIONS='--dsp']
  ignore line: [COLLECT_GCC=/home/fr/.local/bin/sh-elf-g++]
  ignore line: [Target: sh3eb-elf]
  ignore line: [Configured with: ../gcc-11.1.0/configure --prefix=/home/fr/.local/share/fxsdk/sysroot --target=sh3eb-elf --with-multilib-list=m3 m4-nofpu --enable-languages=c c++ --without-headers --program-prefix=sh-elf- --enable-libssp --enable-lto --enable-clocale=generic --enable-libstdcxx-allocator --disable-threads --disable-libstdcxx-verbose --enable-cxx-flags=-fno-exceptions]
  ignore line: [Thread model: single]
  ignore line: [Supported LTO compression algorithms: zlib]
  ignore line: [gcc version 11.1.0 (GCC) ]
  ignore line: [COLLECT_GCC_OPTIONS='-D' 'TARGET_FXCG50' '-v' '-m4-nofpu' '-mb' '-ffreestanding' '-nostdlib' '-o' 'CMakeFiles/cmTC_45d6d.dir/CMakeCXXCompilerABI.cpp.obj' '-c' '-dumpdir' 'CMakeFiles/cmTC_45d6d.dir/']
  ignore line: [ /home/fr/.local/share/fxsdk/sysroot/libexec/gcc/sh3eb-elf/11.1.0/cc1plus -quiet -v -imultilib m4-nofpu -D TARGET_FXCG50 /usr/share/cmake-3.22/Modules/CMakeCXXCompilerABI.cpp -quiet -dumpdir CMakeFiles/cmTC_45d6d.dir/ -dumpbase CMakeCXXCompilerABI.cpp.cpp -dumpbase-ext .cpp -m4-nofpu -mb -version -ffreestanding -o /tmp/cctvGel0.s]
  ignore line: [GNU C++17 (GCC) version 11.1.0 (sh3eb-elf)]
  ignore line: [	compiled by GNU C version 11.3.0  GMP version 6.1.0  MPFR version 3.1.4  MPC version 1.0.3  isl version isl-0.18-GMP]
  ignore line: []
  ignore line: [GGC heuristics: --param ggc-min-expand=100 --param ggc-min-heapsize=131072]
  ignore line: [ignoring nonexistent directory "/home/fr/.local/share/fxsdk/sysroot/lib/gcc/sh3eb-elf/11.1.0/../../../../sh3eb-elf/sys-include"]
  ignore line: [#include "..." search starts here:]
  ignore line: [#include <...> search starts here:]
  ignore line: [ /home/fr/.local/share/fxsdk/sysroot/lib/gcc/sh3eb-elf/11.1.0/../../../../sh3eb-elf/include/c++/11.1.0]
  ignore line: [ /home/fr/.local/share/fxsdk/sysroot/lib/gcc/sh3eb-elf/11.1.0/../../../../sh3eb-elf/include/c++/11.1.0/sh3eb-elf/m4-nofpu]
  ignore line: [ /home/fr/.local/share/fxsdk/sysroot/lib/gcc/sh3eb-elf/11.1.0/../../../../sh3eb-elf/include/c++/11.1.0/backward]
  ignore line: [ /home/fr/.local/share/fxsdk/sysroot/lib/gcc/sh3eb-elf/11.1.0/include]
  ignore line: [ /home/fr/.local/share/fxsdk/sysroot/lib/gcc/sh3eb-elf/11.1.0/include-fixed]
  ignore line: [ /home/fr/.local/share/fxsdk/sysroot/lib/gcc/sh3eb-elf/11.1.0/../../../../sh3eb-elf/include]
  ignore line: [End of search list.]
  ignore line: [GNU C++17 (GCC) version 11.1.0 (sh3eb-elf)]
  ignore line: [	compiled by GNU C version 11.3.0  GMP version 6.1.0  MPFR version 3.1.4  MPC version 1.0.3  isl version isl-0.18-GMP]
  ignore line: []
  ignore line: [GGC heuristics: --param ggc-min-expand=100 --param ggc-min-heapsize=131072]
  ignore line: [Compiler executable checksum: a86c43b782cf2ebaa4fbc44e5ff022a0]
  ignore line: [COLLECT_GCC_OPTIONS='-D' 'TARGET_FXCG50' '-v' '-m4-nofpu' '-mb' '-ffreestanding' '-nostdlib' '-o' 'CMakeFiles/cmTC_45d6d.dir/CMakeCXXCompilerABI.cpp.obj' '-c' '-dumpdir' 'CMakeFiles/cmTC_45d6d.dir/']
  ignore line: [ /home/fr/.local/share/fxsdk/sysroot/lib/gcc/sh3eb-elf/11.1.0/../../../../sh3eb-elf/bin/as -big --isa=sh4a-nofpu --dsp -o CMakeFiles/cmTC_45d6d.dir/CMakeCXXCompilerABI.cpp.obj /tmp/cctvGel0.s]
  ignore line: [COMPILER_PATH=/home/fr/.local/share/fxsdk/sysroot/libexec/gcc/sh3eb-elf/11.1.0/:/home/fr/.local/share/fxsdk/sysroot/libexec/gcc/sh3eb-elf/11.1.0/:/home/fr/.local/share/fxsdk/sysroot/libexec/gcc/sh3eb-elf/:/home/fr/.local/share/fxsdk/sysroot/lib/gcc/sh3eb-elf/11.1.0/:/home/fr/.local/share/fxsdk/sysroot/lib/gcc/sh3eb-elf/:/home/fr/.local/share/fxsdk/sysroot/lib/gcc/sh3eb-elf/11.1.0/../../../../sh3eb-elf/bin/]
  ignore line: [LIBRARY_PATH=/home/fr/.local/share/fxsdk/sysroot/lib/gcc/sh3eb-elf/11.1.0/m4-nofpu/:/home/fr/.local/share/fxsdk/sysroot/lib/gcc/sh3eb-elf/11.1.0/../../../../sh3eb-elf/lib/m4-nofpu/:/home/fr/.local/share/fxsdk/sysroot/lib/gcc/sh3eb-elf/11.1.0/:/home/fr/.local/share/fxsdk/sysroot/lib/gcc/sh3eb-elf/11.1.0/../../../../sh3eb-elf/lib/]
  ignore line: [COLLECT_GCC_OPTIONS='-D' 'TARGET_FXCG50' '-v' '-m4-nofpu' '-mb' '-ffreestanding' '-nostdlib' '-o' 'CMakeFiles/cmTC_45d6d.dir/CMakeCXXCompilerABI.cpp.obj' '-c' '-dumpdir' 'CMakeFiles/cmTC_45d6d.dir/CMakeCXXCompilerABI.cpp.']
  ignore line: [Linking CXX executable cmTC_45d6d]
  ignore line: [/usr/bin/cmake -E cmake_link_script CMakeFiles/cmTC_45d6d.dir/link.txt --verbose=1]
  ignore line: [/home/fr/.local/bin/sh-elf-g++  -v -nostdlib -Wl --no-warn-rwx-segments CMakeFiles/cmTC_45d6d.dir/CMakeCXXCompilerABI.cpp.obj -o cmTC_45d6d  -lgcc ]
  ignore line: [Using built-in specs.]
  ignore line: [COLLECT_GCC=/home/fr/.local/bin/sh-elf-g++]
  ignore line: [COLLECT_LTO_WRAPPER=/home/fr/.local/share/fxsdk/sysroot/libexec/gcc/sh3eb-elf/11.1.0/lto-wrapper]
  ignore line: [Target: sh3eb-elf]
  ignore line: [Configured with: ../gcc-11.1.0/configure --prefix=/home/fr/.local/share/fxsdk/sysroot --target=sh3eb-elf --with-multilib-list=m3 m4-nofpu --enable-languages=c c++ --without-headers --program-prefix=sh-elf- --enable-libssp --enable-lto --enable-clocale=generic --enable-libstdcxx-allocator --disable-threads --disable-libstdcxx-verbose --enable-cxx-flags=-fno-exceptions]
  ignore line: [Thread model: single]
  ignore line: [Supported LTO compression algorithms: zlib]
  ignore line: [gcc version 11.1.0 (GCC) ]
  ignore line: [COMPILER_PATH=/home/fr/.local/share/fxsdk/sysroot/libexec/gcc/sh3eb-elf/11.1.0/:/home/fr/.local/share/fxsdk/sysroot/libexec/gcc/sh3eb-elf/11.1.0/:/home/fr/.local/share/fxsdk/sysroot/libexec/gcc/sh3eb-elf/:/home/fr/.local/share/fxsdk/sysroot/lib/gcc/sh3eb-elf/11.1.0/:/home/fr/.local/share/fxsdk/sysroot/lib/gcc/sh3eb-elf/:/home/fr/.local/share/fxsdk/sysroot/lib/gcc/sh3eb-elf/11.1.0/../../../../sh3eb-elf/bin/]
  ignore line: [LIBRARY_PATH=/home/fr/.local/share/fxsdk/sysroot/lib/gcc/sh3eb-elf/11.1.0/:/home/fr/.local/share/fxsdk/sysroot/lib/gcc/sh3eb-elf/11.1.0/../../../../sh3eb-elf/lib/]
  ignore line: [COLLECT_GCC_OPTIONS='-v' '-nostdlib' '-o' 'cmTC_45d6d' '-dumpdir' 'cmTC_45d6d.']
  link line: [ /home/fr/.local/share/fxsdk/sysroot/libexec/gcc/sh3eb-elf/11.1.0/collect2 -plugin /home/fr/.local/share/fxsdk/sysroot/libexec/gcc/sh3eb-elf/11.1.0/liblto_plugin.so -plugin-opt=/home/fr/.local/share/fxsdk/sysroot/libexec/gcc/sh3eb-elf/11.1.0/lto-wrapper -plugin-opt=-fresolution=/tmp/ccHGr2Nd.res -m shelf -o cmTC_45d6d -L/home/fr/.local/share/fxsdk/sysroot/lib/gcc/sh3eb-elf/11.1.0 -L/home/fr/.local/share/fxsdk/sysroot/lib/gcc/sh3eb-elf/11.1.0/../../../../sh3eb-elf/lib --no-warn-rwx-segments CMakeFiles/cmTC_45d6d.dir/CMakeCXXCompilerABI.cpp.obj -lgcc]
    arg [/home/fr/.local/share/fxsdk/sysroot/libexec/gcc/sh3eb-elf/11.1.0/collect2] ==> ignore
    arg [-plugin] ==> ignore
    arg [/home/fr/.local/share/fxsdk/sysroot/libexec/gcc/sh3eb-elf/11.1.0/liblto_plugin.so] ==> ignore
    arg [-plugin-opt=/home/fr/.local/share/fxsdk/sysroot/libexec/gcc/sh3eb-elf/11.1.0/lto-wrapper] ==> ignore
    arg [-plugin-opt=-fresolution=/tmp/ccHGr2Nd.res] ==> ignore
    arg [-m] ==> ignore
    arg [shelf] ==> ignore
    arg [-o] ==> ignore
    arg [cmTC_45d6d] ==> ignore
    arg [-L/home/fr/.local/share/fxsdk/sysroot/lib/gcc/sh3eb-elf/11.1.0] ==> dir [/home/fr/.local/share/fxsdk/sysroot/lib/gcc/sh3eb-elf/11.1.0]
    arg [-L/home/fr/.local/share/fxsdk/sysroot/lib/gcc/sh3eb-elf/11.1.0/../../../../sh3eb-elf/lib] ==> dir [/home/fr/.local/share/fxsdk/sysroot/lib/gcc/sh3eb-elf/11.1.0/../../../../sh3eb-elf/lib]
    arg [--no-warn-rwx-segments] ==> ignore
    arg [CMakeFiles/cmTC_45d6d.dir/CMakeCXXCompilerABI.cpp.obj] ==> ignore
    arg [-lgcc] ==> lib [gcc]
  collapse library dir [/home/fr/.local/share/fxsdk/sysroot/lib/gcc/sh3eb-elf/11.1.0] ==> [/home/fr/.local/share/fxsdk/sysroot/lib/gcc/sh3eb-elf/11.1.0]
  collapse library dir [/home/fr/.local/share/fxsdk/sysroot/lib/gcc/sh3eb-elf/11.1.0/../../../../sh3eb-elf/lib] ==> [/home/fr/.local/share/fxsdk/sysroot/sh3eb-elf/lib]
  implicit libs: [gcc]
  implicit objs: []
  implicit dirs: [/home/fr/.local/share/fxsdk/sysroot/lib/gcc/sh3eb-elf/11.1.0;/home/fr/.local/share/fxsdk/sysroot/sh3eb-elf/lib]
  implicit fwks: []


